;  LST file generated by mikroListExporter - v.2.0 
; Date/Time: 24/09/2014 01:22:40 ã
;----------------------------------------------

;Address Opcode 	ASM
0x0000	0x2844      	GOTO       68
_onLed2:
;MyProject.c,77 :: 		void onLed2(void)
;MyProject.c,80 :: 		}
L_end_onLed2:
0x0003	0x0008      	RETURN
; end of _onLed2
_onLed1:
;MyProject.c,68 :: 		void onLed1(void)
;MyProject.c,70 :: 		led1 = on;
0x0004	0x1283      	BCF        STATUS, 5
0x0005	0x1303      	BCF        STATUS, 6
0x0006	0x1406      	BSF        PORTB, 0
;MyProject.c,71 :: 		}
L_end_onLed1:
0x0007	0x0008      	RETURN
; end of _onLed1
_____DoICP:
;__Lib_System.c,6 :: 		
;__Lib_System.c,9 :: 		
0x0008	0x1283      	BCF        STATUS, 5
0x0009	0x1303      	BCF        STATUS, 6
0x000A	0x0822      	MOVF       ___DoICPAddr+1, 0
0x000B	0x008A      	MOVWF      PCLATH
;__Lib_System.c,10 :: 		
0x000C	0x0821      	MOVF       ___DoICPAddr, 0
0x000D	0x0082      	MOVWF      PCL
;__Lib_System.c,12 :: 		
L_end_____DoICP:
0x000E	0x0008      	RETURN
; end of _____DoICP
_offLed2:
;MyProject.c,72 :: 		void offLed2(void)
;MyProject.c,75 :: 		}
L_end_offLed2:
0x000F	0x0008      	RETURN
; end of _offLed2
_offLed1:
;MyProject.c,63 :: 		void offLed1(void)
;MyProject.c,65 :: 		led1 = off;
0x0010	0x1283      	BCF        STATUS, 5
0x0011	0x1303      	BCF        STATUS, 6
0x0012	0x1006      	BCF        PORTB, 0
;MyProject.c,66 :: 		}
L_end_offLed1:
0x0013	0x0008      	RETURN
; end of _offLed1
_checkButton:
;MyProject.c,82 :: 		void checkButton(void)
;MyProject.c,84 :: 		if (but2 == pushed && n==0)
0x0014	0x1283      	BCF        STATUS, 5
0x0015	0x1303      	BCF        STATUS, 6
0x0016	0x1F06      	BTFSS      PORTB, 6
0x0017	0x2823      	GOTO       L_checkButton4
0x0018	0x0820      	MOVF       _n, 0
0x0019	0x3A00      	XORLW      0
0x001A	0x1D03      	BTFSS      STATUS, 2
0x001B	0x2823      	GOTO       L_checkButton4
L__checkButton14:
;MyProject.c,86 :: 		n++;
0x001C	0x0AA0      	INCF       _n, 1
;MyProject.c,87 :: 		offLed2() ;
0x001D	0x200F      	CALL       _offLed2
;MyProject.c,88 :: 		onLed1() ;
0x001E	0x2004      	CALL       _onLed1
;MyProject.c,89 :: 		while (but2 == pushed) ;
L_checkButton5:
0x001F	0x1F06      	BTFSS      PORTB, 6
0x0020	0x2822      	GOTO       L_checkButton6
0x0021	0x281F      	GOTO       L_checkButton5
L_checkButton6:
;MyProject.c,90 :: 		}
0x0022	0x282F      	GOTO       L_checkButton7
L_checkButton4:
;MyProject.c,91 :: 		else if(but2 == pushed && n==1)
0x0023	0x1F06      	BTFSS      PORTB, 6
0x0024	0x282F      	GOTO       L_checkButton10
0x0025	0x0820      	MOVF       _n, 0
0x0026	0x3A01      	XORLW      1
0x0027	0x1D03      	BTFSS      STATUS, 2
0x0028	0x282F      	GOTO       L_checkButton10
L__checkButton13:
;MyProject.c,93 :: 		n--;
0x0029	0x03A0      	DECF       _n, 1
;MyProject.c,94 :: 		offLed1() ;
0x002A	0x2010      	CALL       _offLed1
;MyProject.c,95 :: 		onLed2() ;
0x002B	0x2003      	CALL       _onLed2
;MyProject.c,96 :: 		while (but2 == pushed) ;
L_checkButton11:
0x002C	0x1F06      	BTFSS      PORTB, 6
0x002D	0x282F      	GOTO       L_checkButton12
0x002E	0x282C      	GOTO       L_checkButton11
L_checkButton12:
;MyProject.c,97 :: 		}
L_checkButton10:
L_checkButton7:
;MyProject.c,98 :: 		}
L_end_checkButton:
0x002F	0x0008      	RETURN
; end of _checkButton
_initialValues:
;MyProject.c,48 :: 		void initialValues(void)
;MyProject.c,50 :: 		offLed1(void) ;
0x0030	0x2010      	CALL       _offLed1
;MyProject.c,51 :: 		offLed2(void) ;
0x0031	0x200F      	CALL       _offLed2
;MyProject.c,52 :: 		}
L_end_initialValues:
0x0032	0x0008      	RETURN
; end of _initialValues
___CC2DW:
;__Lib_System.c,134 :: 		
;__Lib_System.c,137 :: 		
_CC2D_Loop1:
;__Lib_System.c,139 :: 		
0x0033	0x2008      	CALL       _____DoICP
0x0034	0x118A      	BCF        PCLATH, 3
0x0035	0x120A      	BCF        PCLATH, 4
;__Lib_System.c,141 :: 		
0x0036	0x0080      	MOVWF      INDF
;__Lib_System.c,142 :: 		
0x0037	0x0A84      	INCF       FSR, 1
;__Lib_System.c,143 :: 		
0x0038	0x0AA1      	INCF       ___DoICPAddr, 1
;__Lib_System.c,145 :: 		
0x0039	0x1903      	BTFSC      STATUS, 2
;__Lib_System.c,146 :: 		
0x003A	0x0AA2      	INCF       ___DoICPAddr+1, 1
;__Lib_System.c,147 :: 		
0x003B	0x03F0      	DECF       R0, 1
;__Lib_System.c,149 :: 		
0x003C	0x1D03      	BTFSS      STATUS, 2
;__Lib_System.c,150 :: 		
0x003D	0x2833      	GOTO       _CC2D_Loop1
;__Lib_System.c,152 :: 		
L_end___CC2DW:
0x003E	0x0008      	RETURN
; end of ___CC2DW
_ioConfi:
;MyProject.c,54 :: 		void ioConfi(void)
;MyProject.c,57 :: 		but2_dir = in;
0x003F	0x1683      	BSF        STATUS, 5
0x0040	0x1303      	BCF        STATUS, 6
0x0041	0x1706      	BSF        TRISB, 6
;MyProject.c,59 :: 		led1_dir = out;
0x0042	0x1006      	BCF        TRISB, 0
;MyProject.c,61 :: 		}
L_end_ioConfi:
0x0043	0x0008      	RETURN
; end of _ioConfi
_main:
0x0044	0x1283      	BCF        STATUS, 5
0x0045	0x1303      	BCF        STATUS, 6
0x0046	0x01A0      	CLRF       _n
;MyProject.c,36 :: 		void main()
;MyProject.c,38 :: 		ioConfi();
0x0047	0x203F      	CALL       _ioConfi
;MyProject.c,39 :: 		initialValues();
0x0048	0x2030      	CALL       _initialValues
;MyProject.c,40 :: 		while(1)
L_main0:
;MyProject.c,42 :: 		checkButton();
0x0049	0x2014      	CALL       _checkButton
;MyProject.c,44 :: 		}
0x004A	0x2849      	GOTO       L_main0
;MyProject.c,46 :: 		}
L_end_main:
0x004B	0x284B      	GOTO       $+0
; end of _main
Symbol List:
//** Routines locations **
//ADDRESS    SIZE    PROCEDURE
//----------------------------------------------
0x0003       [1]    _onLed2
0x0004       [4]    _onLed1
0x0008       [7]    _____DoICP
0x000F       [1]    _offLed2
0x0010       [4]    _offLed1
0x0014      [28]    _checkButton
0x0030       [3]    _initialValues
0x0033      [12]    ___CC2DW
0x003F       [5]    _ioConfi
0x0044       [8]    _main
//** Variables locations ** 
//ADDRESS    SIZE    VARIABLE
//----------------------------------------------
0x0000       [1]    INDF
0x0002       [1]    PCL
0x0003       [1]    STATUS
0x0004       [1]    FSR
0x0006       [1]    PORTB
0x0006       [0]    led1
0x0006       [0]    but2
0x000A       [1]    PCLATH
0x0020       [1]    _n
0x0021       [2]    ___DoICPAddr
0x0070       [1]    R0
0x0071       [1]    R1
0x0072       [1]    R2
0x0073       [1]    R3
0x0074       [1]    R4
0x0075       [1]    R5
0x0076       [1]    R6
0x0077       [1]    R7
0x0078       [1]    R8
0x0079       [1]    R9
0x007A       [1]    R10
0x007B       [1]    R11
0x007C       [1]    R12
0x007D       [1]    R13
0x007E       [1]    R14
0x007F       [1]    R15
0x0086       [1]    TRISB
0x0086       [0]    led1_dir
0x0086       [0]    but2_dir
//** Label List: ** 
//----------------------------------------------
  L_main0
  L_main1
  L_checkButton2
  L_checkButton3
  L_checkButton4
  L_checkButton5
  L_checkButton6
  L_checkButton7
  L_checkButton8
  L_checkButton9
  L_checkButton10
  L_checkButton11
  L_checkButton12
  L__checkButton13
  L__checkButton14
  L_end_main
  _main
  L_end_initialValues
  _initialValues
  L_end_ioConfi
  _ioConfi
  L_end_offLed1
  _offLed1
  L_end_onLed1
  _onLed1
  L_end_offLed2
  _offLed2
  L_end_onLed2
  _onLed2
  L_end_checkButton
  _checkButton
  L_loopCA2AWs
  L_CA2AWend
  _CCA2AW_Loop1
  L_loopCS2Ss
  L_CS2Send
  _CCS2S_Loop1
  L_CCS2Send
  L_loopFZinSWs
  L_FZinSend
  _CC2D_Loop1
  L_end_____DoICP
  _____DoICP
  L_end_____DoIFC
  _____DoIFC
  L_end___CA2AW
  ___CA2AW
  L_end___CCA2AW
  ___CCA2AW
  L_end___CS2S
  ___CS2S
  L_end___CCS2S
  ___CCS2S
  L_end___FZinS
  ___FZinS
  L_end___CC2DW
  ___CC2DW
  L_end_Swap
  _Swap
