;  LST file generated by mikroListExporter - v.2.0 
; Date/Time: 25/09/2014 11:54:12 Õ
;----------------------------------------------

;Address Opcode 	ASM
0x0000	0x288C      	GOTO       140
_____DoICP:
;__Lib_System.c,6 :: 		
;__Lib_System.c,9 :: 		
0x0003	0x1283      	BCF        STATUS, 5
0x0004	0x1303      	BCF        STATUS, 6
0x0005	0x0823      	MOVF       ___DoICPAddr+1, 0
0x0006	0x008A      	MOVWF      PCLATH
;__Lib_System.c,10 :: 		
0x0007	0x0822      	MOVF       ___DoICPAddr, 0
0x0008	0x0082      	MOVWF      PCL
;__Lib_System.c,12 :: 		
L_end_____DoICP:
0x0009	0x0008      	RETURN
; end of _____DoICP
___CC2DW:
;__Lib_System.c,134 :: 		
;__Lib_System.c,137 :: 		
_CC2D_Loop1:
;__Lib_System.c,139 :: 		
0x000A	0x2003      	CALL       _____DoICP
0x000B	0x118A      	BCF        PCLATH, 3
0x000C	0x120A      	BCF        PCLATH, 4
;__Lib_System.c,141 :: 		
0x000D	0x0080      	MOVWF      INDF
;__Lib_System.c,142 :: 		
0x000E	0x0A84      	INCF       FSR, 1
;__Lib_System.c,143 :: 		
0x000F	0x0AA2      	INCF       ___DoICPAddr, 1
;__Lib_System.c,145 :: 		
0x0010	0x1903      	BTFSC      STATUS, 2
;__Lib_System.c,146 :: 		
0x0011	0x0AA3      	INCF       ___DoICPAddr+1, 1
;__Lib_System.c,147 :: 		
0x0012	0x03F0      	DECF       R0, 1
;__Lib_System.c,149 :: 		
0x0013	0x1D03      	BTFSS      STATUS, 2
;__Lib_System.c,150 :: 		
0x0014	0x280A      	GOTO       _CC2D_Loop1
;__Lib_System.c,152 :: 		
L_end___CC2DW:
0x0015	0x0008      	RETURN
; end of ___CC2DW
_ioConfi:
;Lap5_8led.c,40 :: 		void ioConfi(void)
;Lap5_8led.c,42 :: 		leds_dir = out ;
0x0016	0x1683      	BSF        STATUS, 5
0x0017	0x1303      	BCF        STATUS, 6
0x0018	0x0186      	CLRF       TRISB
;Lap5_8led.c,43 :: 		}
L_end_ioConfi:
0x0019	0x0008      	RETURN
; end of _ioConfi
_stepC:
;Lap5_8led.c,69 :: 		void stepC (void)
;Lap5_8led.c,71 :: 		int i =0;
0x001A	0x1283      	BCF        STATUS, 5
0x001B	0x1303      	BCF        STATUS, 6
0x001C	0x01A8      	CLRF       stepC_i_L0
0x001D	0x01A9      	CLRF       stepC_i_L0+1
;Lap5_8led.c,72 :: 		for (i=0; i<8 ;i++)
0x001E	0x01A8      	CLRF       stepC_i_L0
0x001F	0x01A9      	CLRF       stepC_i_L0+1
L_stepC14:
0x0020	0x3080      	MOVLW      128
0x0021	0x0629      	XORWF      stepC_i_L0+1, 0
0x0022	0x00F0      	MOVWF      R0
0x0023	0x3080      	MOVLW      128
0x0024	0x0270      	SUBWF      R0, 0
0x0025	0x1D03      	BTFSS      STATUS, 2
0x0026	0x2829      	GOTO       L__stepC27
0x0027	0x3008      	MOVLW      8
0x0028	0x0228      	SUBWF      stepC_i_L0, 0
L__stepC27:
0x0029	0x1803      	BTFSC      STATUS, 0
0x002A	0x2851      	GOTO       L_stepC15
;Lap5_8led.c,74 :: 		x = (x)-(2^i);
0x002B	0x3002      	MOVLW      2
0x002C	0x0628      	XORWF      stepC_i_L0, 0
0x002D	0x00F0      	MOVWF      R0
0x002E	0x0829      	MOVF       stepC_i_L0+1, 0
0x002F	0x00F1      	MOVWF      R0+1
0x0030	0x3000      	MOVLW      0
0x0031	0x06F1      	XORWF      R0+1, 1
0x0032	0x0870      	MOVF       R0, 0
0x0033	0x0220      	SUBWF      _x, 0
0x0034	0x00F0      	MOVWF      R0
0x0035	0x0871      	MOVF       R0+1, 0
0x0036	0x1C03      	BTFSS      STATUS, 0
0x0037	0x3E01      	ADDLW      1
0x0038	0x0221      	SUBWF      _x+1, 0
0x0039	0x00F1      	MOVWF      R0+1
0x003A	0x0870      	MOVF       R0, 0
0x003B	0x00A0      	MOVWF      _x
0x003C	0x0871      	MOVF       R0+1, 0
0x003D	0x00A1      	MOVWF      _x+1
;Lap5_8led.c,75 :: 		leds = x;
0x003E	0x0870      	MOVF       R0, 0
0x003F	0x0086      	MOVWF      PORTB
;Lap5_8led.c,76 :: 		delay_ms(200);
0x0040	0x3002      	MOVLW      2
0x0041	0x00FB      	MOVWF      R11
0x0042	0x3004      	MOVLW      4
0x0043	0x00FC      	MOVWF      R12
0x0044	0x30BA      	MOVLW      186
0x0045	0x00FD      	MOVWF      R13
L_stepC17:
0x0046	0x0BFD      	DECFSZ     R13, 1
0x0047	0x2846      	GOTO       L_stepC17
0x0048	0x0BFC      	DECFSZ     R12, 1
0x0049	0x2846      	GOTO       L_stepC17
0x004A	0x0BFB      	DECFSZ     R11, 1
0x004B	0x2846      	GOTO       L_stepC17
0x004C	0x0000      	NOP
;Lap5_8led.c,72 :: 		for (i=0; i<8 ;i++)
0x004D	0x0AA8      	INCF       stepC_i_L0, 1
0x004E	0x1903      	BTFSC      STATUS, 2
0x004F	0x0AA9      	INCF       stepC_i_L0+1, 1
;Lap5_8led.c,77 :: 		}
0x0050	0x2820      	GOTO       L_stepC14
L_stepC15:
;Lap5_8led.c,78 :: 		}
L_end_stepC:
0x0051	0x0008      	RETURN
; end of _stepC
_initialValues:
;Lap5_8led.c,45 :: 		void initialValues(void)
;Lap5_8led.c,47 :: 		leds =0 ;
0x0052	0x1283      	BCF        STATUS, 5
0x0053	0x1303      	BCF        STATUS, 6
0x0054	0x0186      	CLRF       PORTB
;Lap5_8led.c,48 :: 		}
L_end_initialValues:
0x0055	0x0008      	RETURN
; end of _initialValues
_stepB:
;Lap5_8led.c,58 :: 		void stepB (void)
;Lap5_8led.c,60 :: 		int i =0;
0x0056	0x1283      	BCF        STATUS, 5
0x0057	0x1303      	BCF        STATUS, 6
0x0058	0x01A8      	CLRF       stepB_i_L0
0x0059	0x01A9      	CLRF       stepB_i_L0+1
;Lap5_8led.c,61 :: 		for (i=0 ; i<8 ; i++)
0x005A	0x01A8      	CLRF       stepB_i_L0
0x005B	0x01A9      	CLRF       stepB_i_L0+1
L_stepB10:
0x005C	0x3080      	MOVLW      128
0x005D	0x0629      	XORWF      stepB_i_L0+1, 0
0x005E	0x00F0      	MOVWF      R0
0x005F	0x3080      	MOVLW      128
0x0060	0x0270      	SUBWF      R0, 0
0x0061	0x1D03      	BTFSS      STATUS, 2
0x0062	0x2865      	GOTO       L__stepB25
0x0063	0x3008      	MOVLW      8
0x0064	0x0228      	SUBWF      stepB_i_L0, 0
L__stepB25:
0x0065	0x1803      	BTFSC      STATUS, 0
0x0066	0x288B      	GOTO       L_stepB11
;Lap5_8led.c,63 :: 		x = (x)+ (2^i);
0x0067	0x3002      	MOVLW      2
0x0068	0x0628      	XORWF      stepB_i_L0, 0
0x0069	0x00F0      	MOVWF      R0
0x006A	0x0829      	MOVF       stepB_i_L0+1, 0
0x006B	0x00F1      	MOVWF      R0+1
0x006C	0x3000      	MOVLW      0
0x006D	0x06F1      	XORWF      R0+1, 1
0x006E	0x0820      	MOVF       _x, 0
0x006F	0x07F0      	ADDWF      R0, 1
0x0070	0x0821      	MOVF       _x+1, 0
0x0071	0x1803      	BTFSC      STATUS, 0
0x0072	0x3E01      	ADDLW      1
0x0073	0x07F1      	ADDWF      R0+1, 1
0x0074	0x0870      	MOVF       R0, 0
0x0075	0x00A0      	MOVWF      _x
0x0076	0x0871      	MOVF       R0+1, 0
0x0077	0x00A1      	MOVWF      _x+1
;Lap5_8led.c,64 :: 		leds = x ;
0x0078	0x0870      	MOVF       R0, 0
0x0079	0x0086      	MOVWF      PORTB
;Lap5_8led.c,65 :: 		delay_ms(200);
0x007A	0x3002      	MOVLW      2
0x007B	0x00FB      	MOVWF      R11
0x007C	0x3004      	MOVLW      4
0x007D	0x00FC      	MOVWF      R12
0x007E	0x30BA      	MOVLW      186
0x007F	0x00FD      	MOVWF      R13
L_stepB13:
0x0080	0x0BFD      	DECFSZ     R13, 1
0x0081	0x2880      	GOTO       L_stepB13
0x0082	0x0BFC      	DECFSZ     R12, 1
0x0083	0x2880      	GOTO       L_stepB13
0x0084	0x0BFB      	DECFSZ     R11, 1
0x0085	0x2880      	GOTO       L_stepB13
0x0086	0x0000      	NOP
;Lap5_8led.c,61 :: 		for (i=0 ; i<8 ; i++)
0x0087	0x0AA8      	INCF       stepB_i_L0, 1
0x0088	0x1903      	BTFSC      STATUS, 2
0x0089	0x0AA9      	INCF       stepB_i_L0+1, 1
;Lap5_8led.c,66 :: 		}
0x008A	0x285C      	GOTO       L_stepB10
L_stepB11:
;Lap5_8led.c,67 :: 		}
L_end_stepB:
0x008B	0x0008      	RETURN
; end of _stepB
_main:
0x008C	0x1283      	BCF        STATUS, 5
0x008D	0x1303      	BCF        STATUS, 6
0x008E	0x01A0      	CLRF       _x
0x008F	0x01A1      	CLRF       33
;Lap5_8led.c,14 :: 		void main()
;Lap5_8led.c,16 :: 		int i =0;
0x0090	0x01A4      	CLRF       main_i_L0
0x0091	0x01A5      	CLRF       main_i_L0+1
0x0092	0x01A6      	CLRF       main_j_L0
0x0093	0x01A7      	CLRF       main_j_L0+1
;Lap5_8led.c,19 :: 		ioConfi(void) ;
0x0094	0x2016      	CALL       _ioConfi
;Lap5_8led.c,20 :: 		initialValues(void);
0x0095	0x2052      	CALL       _initialValues
;Lap5_8led.c,22 :: 		while (1)
L_main0:
;Lap5_8led.c,24 :: 		for (i=0; i<2 ; i++)
0x0096	0x01A4      	CLRF       main_i_L0
0x0097	0x01A5      	CLRF       main_i_L0+1
L_main2:
0x0098	0x3080      	MOVLW      128
0x0099	0x0625      	XORWF      main_i_L0+1, 0
0x009A	0x00F0      	MOVWF      R0
0x009B	0x3080      	MOVLW      128
0x009C	0x0270      	SUBWF      R0, 0
0x009D	0x1D03      	BTFSS      STATUS, 2
0x009E	0x28A1      	GOTO       L__main19
0x009F	0x3002      	MOVLW      2
0x00A0	0x0224      	SUBWF      main_i_L0, 0
L__main19:
0x00A1	0x1803      	BTFSC      STATUS, 0
0x00A2	0x28A7      	GOTO       L_main3
0x00A3	0x0AA4      	INCF       main_i_L0, 1
0x00A4	0x1903      	BTFSC      STATUS, 2
0x00A5	0x0AA5      	INCF       main_i_L0+1, 1
;Lap5_8led.c,28 :: 		}
0x00A6	0x2898      	GOTO       L_main2
L_main3:
;Lap5_8led.c,29 :: 		leds = 0 ;
0x00A7	0x0186      	CLRF       PORTB
;Lap5_8led.c,31 :: 		for (j=0; j<2 ; j++)
0x00A8	0x01A6      	CLRF       main_j_L0
0x00A9	0x01A7      	CLRF       main_j_L0+1
L_main5:
0x00AA	0x3080      	MOVLW      128
0x00AB	0x0627      	XORWF      main_j_L0+1, 0
0x00AC	0x00F0      	MOVWF      R0
0x00AD	0x3080      	MOVLW      128
0x00AE	0x0270      	SUBWF      R0, 0
0x00AF	0x1D03      	BTFSS      STATUS, 2
0x00B0	0x28B3      	GOTO       L__main20
0x00B1	0x3002      	MOVLW      2
0x00B2	0x0226      	SUBWF      main_j_L0, 0
L__main20:
0x00B3	0x1803      	BTFSC      STATUS, 0
0x00B4	0x28BD      	GOTO       L_main6
;Lap5_8led.c,33 :: 		stepB();
0x00B5	0x2056      	CALL       _stepB
;Lap5_8led.c,34 :: 		stepC();
0x00B6	0x201A      	CALL       _stepC
;Lap5_8led.c,35 :: 		x = 0 ;
0x00B7	0x01A0      	CLRF       _x
0x00B8	0x01A1      	CLRF       _x+1
;Lap5_8led.c,31 :: 		for (j=0; j<2 ; j++)
0x00B9	0x0AA6      	INCF       main_j_L0, 1
0x00BA	0x1903      	BTFSC      STATUS, 2
0x00BB	0x0AA7      	INCF       main_j_L0+1, 1
;Lap5_8led.c,36 :: 		}
0x00BC	0x28AA      	GOTO       L_main5
L_main6:
;Lap5_8led.c,37 :: 		}
0x00BD	0x2896      	GOTO       L_main0
;Lap5_8led.c,38 :: 		}
L_end_main:
0x00BE	0x28BE      	GOTO       $+0
; end of _main
Symbol List:
//** Routines locations **
//ADDRESS    SIZE    PROCEDURE
//----------------------------------------------
0x0003       [7]    _____DoICP
0x000A      [12]    ___CC2DW
0x0016       [4]    _ioConfi
0x001A      [56]    _stepC
0x0052       [4]    _initialValues
0x0056      [54]    _stepB
0x008C      [51]    _main
//** Variables locations ** 
//ADDRESS    SIZE    VARIABLE
//----------------------------------------------
0x0000       [1]    INDF
0x0002       [1]    PCL
0x0003       [1]    STATUS
0x0004       [1]    FSR
0x0006       [1]    PORTB
0x000A       [1]    PCLATH
0x0020       [2]    _x
0x0022       [2]    ___DoICPAddr
0x0024       [2]    main_i_L0
0x0026       [2]    main_j_L0
0x0028       [2]    stepB_i_L0
0x0028       [2]    stepC_i_L0
0x0070       [1]    R0
0x0071       [1]    R1
0x0072       [1]    R2
0x0073       [1]    R3
0x0074       [1]    R4
0x0075       [1]    R5
0x0076       [1]    R6
0x0077       [1]    R7
0x0078       [1]    R8
0x0079       [1]    R9
0x007A       [1]    R10
0x007B       [1]    R11
0x007C       [1]    R12
0x007D       [1]    R13
0x007E       [1]    R14
0x007F       [1]    R15
0x0086       [1]    TRISB
//** Label List: ** 
//----------------------------------------------
  L_main0
  L_main1
  L_main2
  L_main3
  L_main4
  L_main5
  L_main6
  L_main7
  L_stepA8
  L_stepA9
  L_stepB10
  L_stepB11
  L_stepB12
  L_stepB13
  L_stepC14
  L_stepC15
  L_stepC16
  L_stepC17
  L_end_main
  _main
  L__main19
  L__main20
  L_end_ioConfi
  _ioConfi
  L_end_initialValues
  _initialValues
  L_end_stepA
  _stepA
  L_end_stepB
  _stepB
  L__stepB25
  L_end_stepC
  _stepC
  L__stepC27
  L_loopCA2AWs
  L_CA2AWend
  _CCA2AW_Loop1
  L_loopCS2Ss
  L_CS2Send
  _CCS2S_Loop1
  L_CCS2Send
  L_loopFZinSWs
  L_FZinSend
  _CC2D_Loop1
  L_end_____DoICP
  _____DoICP
  L_end_____DoIFC
  _____DoIFC
  L_end___CA2AW
  ___CA2AW
  L_end___CCA2AW
  ___CCA2AW
  L_end___CS2S
  ___CS2S
  L_end___CCS2S
  ___CCS2S
  L_end___FZinS
  ___FZinS
  L_end___CC2DW
  ___CC2DW
  L_end_Swap
  _Swap
