;  LST file generated by mikroListExporter - v.2.0 
; Date/Time: 01/10/2014 09:36:36 Õ
;----------------------------------------------

;Address Opcode 	ASM
0x0000	0x2890      	GOTO       144
_initialValues:
;limt.c,35 :: 		void initialValues(void)
;limt.c,37 :: 		sev_seg = seg_mat[0];
0x0003	0x1283      	BCF        STATUS, 5
0x0004	0x1303      	BCF        STATUS, 6
0x0005	0x0820      	MOVF       _seg_mat, 0
0x0006	0x0087      	MOVWF      PORTC
;limt.c,38 :: 		i = 0 ;
0x0007	0x01AA      	CLRF       _i
0x0008	0x01AB      	CLRF       _i+1
;limt.c,39 :: 		delay_ms (400) ;
0x0009	0x3003      	MOVLW      3
0x000A	0x00FB      	MOVWF      R11
0x000B	0x3008      	MOVLW      8
0x000C	0x00FC      	MOVWF      R12
0x000D	0x3077      	MOVLW      119
0x000E	0x00FD      	MOVWF      R13
L_initialValues0:
0x000F	0x0BFD      	DECFSZ     R13, 1
0x0010	0x280F      	GOTO       L_initialValues0
0x0011	0x0BFC      	DECFSZ     R12, 1
0x0012	0x280F      	GOTO       L_initialValues0
0x0013	0x0BFB      	DECFSZ     R11, 1
0x0014	0x280F      	GOTO       L_initialValues0
;limt.c,41 :: 		}
L_end_initialValues:
0x0015	0x0008      	RETURN
; end of _initialValues
_deCrement:
;limt.c,54 :: 		void deCrement(void)
;limt.c,56 :: 		sev_seg = seg_mat[i];
0x0016	0x1283      	BCF        STATUS, 5
0x0017	0x1303      	BCF        STATUS, 6
0x0018	0x082A      	MOVF       _i, 0
0x0019	0x3E20      	ADDLW      _seg_mat
0x001A	0x0084      	MOVWF      FSR
0x001B	0x0800      	MOVF       INDF, 0
0x001C	0x0087      	MOVWF      PORTC
;limt.c,57 :: 		delay_ms(400);
0x001D	0x3003      	MOVLW      3
0x001E	0x00FB      	MOVWF      R11
0x001F	0x3008      	MOVLW      8
0x0020	0x00FC      	MOVWF      R12
0x0021	0x3077      	MOVLW      119
0x0022	0x00FD      	MOVWF      R13
L_deCrement2:
0x0023	0x0BFD      	DECFSZ     R13, 1
0x0024	0x2823      	GOTO       L_deCrement2
0x0025	0x0BFC      	DECFSZ     R12, 1
0x0026	0x2823      	GOTO       L_deCrement2
0x0027	0x0BFB      	DECFSZ     R11, 1
0x0028	0x2823      	GOTO       L_deCrement2
;limt.c,58 :: 		}
L_end_deCrement:
0x0029	0x0008      	RETURN
; end of _deCrement
_inCrement:
;limt.c,48 :: 		void inCrement(void)
;limt.c,50 :: 		sev_seg = seg_mat[i];
0x002A	0x1283      	BCF        STATUS, 5
0x002B	0x1303      	BCF        STATUS, 6
0x002C	0x082A      	MOVF       _i, 0
0x002D	0x3E20      	ADDLW      _seg_mat
0x002E	0x0084      	MOVWF      FSR
0x002F	0x0800      	MOVF       INDF, 0
0x0030	0x0087      	MOVWF      PORTC
;limt.c,51 :: 		delay_ms(400);
0x0031	0x3003      	MOVLW      3
0x0032	0x00FB      	MOVWF      R11
0x0033	0x3008      	MOVLW      8
0x0034	0x00FC      	MOVWF      R12
0x0035	0x3077      	MOVLW      119
0x0036	0x00FD      	MOVWF      R13
L_inCrement1:
0x0037	0x0BFD      	DECFSZ     R13, 1
0x0038	0x2837      	GOTO       L_inCrement1
0x0039	0x0BFC      	DECFSZ     R12, 1
0x003A	0x2837      	GOTO       L_inCrement1
0x003B	0x0BFB      	DECFSZ     R11, 1
0x003C	0x2837      	GOTO       L_inCrement1
;limt.c,52 :: 		}
L_end_inCrement:
0x003D	0x0008      	RETURN
; end of _inCrement
_____DoICP:
;__Lib_System.c,6 :: 		
;__Lib_System.c,9 :: 		
0x003E	0x1283      	BCF        STATUS, 5
0x003F	0x1303      	BCF        STATUS, 6
0x0040	0x082D      	MOVF       ___DoICPAddr+1, 0
0x0041	0x008A      	MOVWF      PCLATH
;__Lib_System.c,10 :: 		
0x0042	0x082C      	MOVF       ___DoICPAddr, 0
0x0043	0x0082      	MOVWF      PCL
;__Lib_System.c,12 :: 		
L_end_____DoICP:
0x0044	0x0008      	RETURN
; end of _____DoICP
_ioConfiguration:
;limt.c,43 :: 		void ioConfiguration(void)
;limt.c,45 :: 		sev_seg_dir = out ;
0x0045	0x1683      	BSF        STATUS, 5
0x0046	0x1303      	BCF        STATUS, 6
0x0047	0x0187      	CLRF       TRISC
;limt.c,46 :: 		}
L_end_ioConfiguration:
0x0048	0x0008      	RETURN
; end of _ioConfiguration
_mainCode:
;limt.c,60 :: 		void mainCode (void)
;limt.c,62 :: 		while (1)
L_mainCode3:
;limt.c,64 :: 		if (ButtonUP == pushed && (i != 9) )
0x0049	0x1283      	BCF        STATUS, 5
0x004A	0x1303      	BCF        STATUS, 6
0x004B	0x1F86      	BTFSS      PORTB, 7
0x004C	0x285D      	GOTO       L_mainCode7
0x004D	0x3000      	MOVLW      0
0x004E	0x062B      	XORWF      _i+1, 0
0x004F	0x1D03      	BTFSS      STATUS, 2
0x0050	0x2853      	GOTO       L__mainCode29
0x0051	0x3009      	MOVLW      9
0x0052	0x062A      	XORWF      _i, 0
L__mainCode29:
0x0053	0x1903      	BTFSC      STATUS, 2
0x0054	0x285D      	GOTO       L_mainCode7
L__mainCode22:
;limt.c,66 :: 		i++ ;
0x0055	0x0AAA      	INCF       _i, 1
0x0056	0x1903      	BTFSC      STATUS, 2
0x0057	0x0AAB      	INCF       _i+1, 1
;limt.c,67 :: 		inCrement(void) ;
0x0058	0x202A      	CALL       _inCrement
;limt.c,68 :: 		while (ButtonUP == pushed) ;
L_mainCode8:
0x0059	0x1F86      	BTFSS      PORTB, 7
0x005A	0x285C      	GOTO       L_mainCode9
0x005B	0x2859      	GOTO       L_mainCode8
L_mainCode9:
;limt.c,69 :: 		}
0x005C	0x2882      	GOTO       L_mainCode10
L_mainCode7:
;limt.c,71 :: 		else if(ButtonDOWN == pushed && (i != 0) )
0x005D	0x1F06      	BTFSS      PORTB, 6
0x005E	0x287C      	GOTO       L_mainCode13
0x005F	0x3000      	MOVLW      0
0x0060	0x062B      	XORWF      _i+1, 0
0x0061	0x1D03      	BTFSS      STATUS, 2
0x0062	0x2865      	GOTO       L__mainCode30
0x0063	0x3000      	MOVLW      0
0x0064	0x062A      	XORWF      _i, 0
L__mainCode30:
0x0065	0x1903      	BTFSC      STATUS, 2
0x0066	0x287C      	GOTO       L_mainCode13
L__mainCode21:
;limt.c,73 :: 		if (i == 0)
0x0067	0x3000      	MOVLW      0
0x0068	0x062B      	XORWF      _i+1, 0
0x0069	0x1D03      	BTFSS      STATUS, 2
0x006A	0x286D      	GOTO       L__mainCode31
0x006B	0x3000      	MOVLW      0
0x006C	0x062A      	XORWF      _i, 0
L__mainCode31:
0x006D	0x1D03      	BTFSS      STATUS, 2
0x006E	0x2873      	GOTO       L_mainCode14
;limt.c,75 :: 		i = 10;
0x006F	0x300A      	MOVLW      10
0x0070	0x00AA      	MOVWF      _i
0x0071	0x3000      	MOVLW      0
0x0072	0x00AB      	MOVWF      _i+1
;limt.c,76 :: 		}
L_mainCode14:
;limt.c,77 :: 		i-- ;
0x0073	0x3001      	MOVLW      1
0x0074	0x02AA      	SUBWF      _i, 1
0x0075	0x1C03      	BTFSS      STATUS, 0
0x0076	0x03AB      	DECF       _i+1, 1
;limt.c,78 :: 		deCrement(void) ;
0x0077	0x2016      	CALL       _deCrement
;limt.c,79 :: 		while (ButtonDOWN == pushed) ;
L_mainCode15:
0x0078	0x1F06      	BTFSS      PORTB, 6
0x0079	0x287B      	GOTO       L_mainCode16
0x007A	0x2878      	GOTO       L_mainCode15
L_mainCode16:
;limt.c,80 :: 		}
0x007B	0x2882      	GOTO       L_mainCode17
L_mainCode13:
;limt.c,81 :: 		else if(ButtonCLEAR == pushed )
0x007C	0x1E86      	BTFSS      PORTB, 5
0x007D	0x2882      	GOTO       L_mainCode18
;limt.c,83 :: 		initialValues(void)  ;
0x007E	0x2003      	CALL       _initialValues
;limt.c,84 :: 		while (ButtonDOWN == pushed) ;
L_mainCode19:
0x007F	0x1F06      	BTFSS      PORTB, 6
0x0080	0x2882      	GOTO       L_mainCode20
0x0081	0x287F      	GOTO       L_mainCode19
L_mainCode20:
;limt.c,85 :: 		}
L_mainCode18:
L_mainCode17:
L_mainCode10:
;limt.c,86 :: 		}
0x0082	0x2849      	GOTO       L_mainCode3
;limt.c,87 :: 		}
L_end_mainCode:
0x0083	0x0008      	RETURN
; end of _mainCode
___CC2DW:
;__Lib_System.c,134 :: 		
;__Lib_System.c,137 :: 		
_CC2D_Loop1:
;__Lib_System.c,139 :: 		
0x0084	0x203E      	CALL       _____DoICP
0x0085	0x118A      	BCF        PCLATH, 3
0x0086	0x120A      	BCF        PCLATH, 4
;__Lib_System.c,141 :: 		
0x0087	0x0080      	MOVWF      INDF
;__Lib_System.c,142 :: 		
0x0088	0x0A84      	INCF       FSR, 1
;__Lib_System.c,143 :: 		
0x0089	0x0AAC      	INCF       ___DoICPAddr, 1
;__Lib_System.c,145 :: 		
0x008A	0x1903      	BTFSC      STATUS, 2
;__Lib_System.c,146 :: 		
0x008B	0x0AAD      	INCF       ___DoICPAddr+1, 1
;__Lib_System.c,147 :: 		
0x008C	0x03F0      	DECF       R0, 1
;__Lib_System.c,149 :: 		
0x008D	0x1D03      	BTFSS      STATUS, 2
;__Lib_System.c,150 :: 		
0x008E	0x2884      	GOTO       _CC2D_Loop1
;__Lib_System.c,152 :: 		
L_end___CC2DW:
0x008F	0x0008      	RETURN
; end of ___CC2DW
_main:
0x0090	0x30FC      	MOVLW      252
0x0091	0x1283      	BCF        STATUS, 5
0x0092	0x1303      	BCF        STATUS, 6
0x0093	0x00A0      	MOVWF      _seg_mat
0x0094	0x3060      	MOVLW      96
0x0095	0x00A1      	MOVWF      33
0x0096	0x30DA      	MOVLW      218
0x0097	0x00A2      	MOVWF      34
0x0098	0x30F2      	MOVLW      242
0x0099	0x00A3      	MOVWF      35
0x009A	0x3066      	MOVLW      102
0x009B	0x00A4      	MOVWF      36
0x009C	0x30B6      	MOVLW      182
0x009D	0x00A5      	MOVWF      37
0x009E	0x30BE      	MOVLW      190
0x009F	0x00A6      	MOVWF      38
0x00A0	0x30E0      	MOVLW      224
0x00A1	0x00A7      	MOVWF      39
0x00A2	0x30FE      	MOVLW      254
0x00A3	0x00A8      	MOVWF      40
0x00A4	0x30F6      	MOVLW      246
0x00A5	0x00A9      	MOVWF      41
0x00A6	0x01AA      	CLRF       _i
0x00A7	0x01AB      	CLRF       43
;limt.c,28 :: 		void main()
;limt.c,30 :: 		initialValues(void);
0x00A8	0x2003      	CALL       _initialValues
;limt.c,31 :: 		ioConfiguration(void);
0x00A9	0x2045      	CALL       _ioConfiguration
;limt.c,32 :: 		mainCode (void);
0x00AA	0x2049      	CALL       _mainCode
;limt.c,33 :: 		}
L_end_main:
0x00AB	0x28AB      	GOTO       $+0
; end of _main
Symbol List:
//** Routines locations **
//ADDRESS    SIZE    PROCEDURE
//----------------------------------------------
0x0003      [19]    _initialValues
0x0016      [20]    _deCrement
0x002A      [20]    _inCrement
0x003E       [7]    _____DoICP
0x0045       [4]    _ioConfiguration
0x0049      [59]    _mainCode
0x0084      [12]    ___CC2DW
0x0090      [28]    _main
//** Variables locations ** 
//ADDRESS    SIZE    VARIABLE
//----------------------------------------------
0x0000       [1]    INDF
0x0002       [1]    PCL
0x0003       [1]    STATUS
0x0004       [1]    FSR
0x0006       [0]    ButtonCLEAR
0x0006       [0]    ButtonDOWN
0x0006       [1]    PORTB
0x0006       [0]    ButtonUP
0x0007       [1]    PORTC
0x000A       [1]    PCLATH
0x0020      [10]    _seg_mat
0x002A       [2]    _i
0x002C       [2]    ___DoICPAddr
0x0070       [1]    R0
0x0071       [1]    R1
0x0072       [1]    R2
0x0073       [1]    R3
0x0074       [1]    R4
0x0075       [1]    R5
0x0076       [1]    R6
0x0077       [1]    R7
0x0078       [1]    R8
0x0079       [1]    R9
0x007A       [1]    R10
0x007B       [1]    R11
0x007C       [1]    R12
0x007D       [1]    R13
0x007E       [1]    R14
0x007F       [1]    R15
0x0087       [1]    TRISC
//** Label List: ** 
//----------------------------------------------
  L_initialValues0
  L_inCrement1
  L_deCrement2
  L_mainCode3
  L_mainCode4
  L_mainCode5
  L_mainCode6
  L_mainCode7
  L_mainCode8
  L_mainCode9
  L_mainCode10
  L_mainCode11
  L_mainCode12
  L_mainCode13
  L_mainCode14
  L_mainCode15
  L_mainCode16
  L_mainCode17
  L_mainCode18
  L_mainCode19
  L_mainCode20
  L__mainCode21
  L__mainCode22
  L_end_main
  _main
  L_end_initialValues
  _initialValues
  L_end_ioConfiguration
  _ioConfiguration
  L_end_inCrement
  _inCrement
  L_end_deCrement
  _deCrement
  L_end_mainCode
  _mainCode
  L__mainCode29
  L__mainCode30
  L__mainCode31
  L_loopCA2AWs
  L_CA2AWend
  _CCA2AW_Loop1
  L_loopCS2Ss
  L_CS2Send
  _CCS2S_Loop1
  L_CCS2Send
  L_loopFZinSWs
  L_FZinSend
  _CC2D_Loop1
  L_end_____DoICP
  _____DoICP
  L_end_____DoIFC
  _____DoIFC
  L_end___CA2AW
  ___CA2AW
  L_end___CCA2AW
  ___CCA2AW
  L_end___CS2S
  ___CS2S
  L_end___CCS2S
  ___CCS2S
  L_end___FZinS
  ___FZinS
  L_end___CC2DW
  ___CC2DW
  L_end_Swap
  _Swap
